<?xml version="1.0" encoding="UTF-8"?>
<!-- Generated by org.testng.reporters.JUnitReportReporter -->
<testsuite hostname="ISW-GMCC-AA1" failures="0" tests="4" name="apiAutomation.User_Post" time="8.471" errors="0" timestamp="2022-04-10T23:19:42 WAT" skipped="0">
  <testcase classname="apiAutomation.User_Post" name="post_user" time="1.615"/>
  <system-out/>
  <testcase classname="apiAutomation.User_Post" name="POJO" time="0.780"/>
  <system-out/>
  <testcase classname="apiAutomation.User_Post" name="POJO" time="4.682"/>
  <system-out/>
  <testcase classname="apiAutomation.User_Post" name="post_user" time="1.394"/>
  <system-out/>
</testsuite> <!-- apiAutomation.User_Post -->
