<?xml version="1.0" encoding="UTF-8"?>
<!-- Generated by org.testng.reporters.JUnitReportReporter -->
<testsuite hostname="ISW-GMCC-AA1" failures="0" tests="2" name="apiAutomation.ParamClass" time="6.998" errors="0" timestamp="2022-04-09T07:04:47 WAT" skipped="0">
  <testcase classname="apiAutomation.ParamClass" name="userDetails" time="0.980"/>
  <system-out/>
  <testcase classname="apiAutomation.ParamClass" name="userDetails" time="6.018"/>
  <system-out/>
</testsuite> <!-- apiAutomation.ParamClass -->
