<?xml version="1.0" encoding="UTF-8"?>
<!-- Generated by org.testng.reporters.JUnitReportReporter -->
<testsuite hostname="ISW-GMCC-AA1" failures="0" tests="9" name="test.SelectSamsungSecondHighestPricedItem" time="183.257" errors="0" timestamp="2022-04-10T23:19:42 WAT" skipped="0">
  <testcase classname="test.SelectSamsungSecondHighestPricedItem" name="gotoTheHambugerPage" time="4.022"/>
  <system-out/>
  <testcase classname="test.SelectSamsungSecondHighestPricedItem" name="selectTvAndAppliances" time="3.228"/>
  <system-out/>
  <testcase classname="test.SelectSamsungSecondHighestPricedItem" name="selecttelevisonlink" time="96.510"/>
  <system-out/>
  <testcase classname="test.SelectSamsungSecondHighestPricedItem" name="verifybrand" time="4.126"/>
  <system-out/>
  <testcase classname="test.SelectSamsungSecondHighestPricedItem" name="clicksamsungcheckbox" time="14.952"/>
  <system-out/>
  <testcase classname="test.SelectSamsungSecondHighestPricedItem" name="sortbyHightoLow" time="13.187"/>
  <system-out/>
  <testcase classname="test.SelectSamsungSecondHighestPricedItem" name="selectSecondItem" time="0.528"/>
  <system-out/>
  <testcase classname="test.SelectSamsungSecondHighestPricedItem" name="switchwindow" time="46.063"/>
  <system-out/>
  <testcase classname="test.SelectSamsungSecondHighestPricedItem" name="selectedOption" time="0.641"/>
  <system-out/>
</testsuite> <!-- test.SelectSamsungSecondHighestPricedItem -->
