<?xml version="1.0" encoding="UTF-8"?>
<!-- Generated by org.testng.reporters.JUnitReportReporter -->
<testsuite hostname="ISW-GMCC-AA1" failures="0" tests="10" name="test.LandingPage" time="298.439" errors="0" timestamp="2022-04-06T17:28:29 WAT" skipped="0">
  <testcase classname="test.LandingPage" name="test" time="89.679"/>
  <system-out/>
  <testcase classname="test.LandingPage" name="gotoTheHambugerPage" time="10.749"/>
  <system-out/>
  <testcase classname="test.LandingPage" name="selectTvAndAppliances" time="3.363"/>
  <system-out/>
  <testcase classname="test.LandingPage" name="selecttelevisonlink" time="100.153"/>
  <system-out/>
  <testcase classname="test.LandingPage" name="verifybrand" time="2.672"/>
  <system-out/>
  <testcase classname="test.LandingPage" name="clicksamsungcheckbox" time="23.260"/>
  <system-out/>
  <testcase classname="test.LandingPage" name="sortbyHightoLow" time="23.641"/>
  <system-out/>
  <testcase classname="test.LandingPage" name="selectSecondItem" time="36.049"/>
  <system-out/>
  <testcase classname="test.LandingPage" name="switchwindow" time="7.730"/>
  <system-out/>
  <testcase classname="test.LandingPage" name="selectedOption" time="1.143"/>
  <system-out/>
</testsuite> <!-- test.LandingPage -->
