<?xml version="1.0" encoding="UTF-8"?>
<!-- Generated by org.testng.reporters.JUnitReportReporter -->
<testsuite hostname="ISW-GMCC-AA1" failures="0" tests="10" name="Actions.landingPage" time="123.437" errors="0" timestamp="2022-04-06T13:59:25 WAT" skipped="0">
  <testcase classname="Actions.landingPage" name="test" time="28.079"/>
  <system-out/>
  <testcase classname="Actions.landingPage" name="gotoTheHambugerPage" time="8.898"/>
  <system-out/>
  <testcase classname="Actions.landingPage" name="selectTvAndAppliances" time="3.230"/>
  <system-out/>
  <testcase classname="Actions.landingPage" name="selecttelevisonlink" time="38.777"/>
  <system-out/>
  <testcase classname="Actions.landingPage" name="verifybrand" time="0.249"/>
  <system-out/>
  <testcase classname="Actions.landingPage" name="clicksamsungcheckbox" time="6.340"/>
  <system-out/>
  <testcase classname="Actions.landingPage" name="sortbyHightoLow" time="11.312"/>
  <system-out/>
  <testcase classname="Actions.landingPage" name="selectSecondItem" time="0.909"/>
  <system-out/>
  <testcase classname="Actions.landingPage" name="switchwindow" time="25.199"/>
  <system-out/>
  <testcase classname="Actions.landingPage" name="selectedOption" time="0.444"/>
  <system-out/>
</testsuite> <!-- Actions.landingPage -->
