<?xml version="1.0" encoding="UTF-8"?>
<!-- Generated by org.testng.reporters.JUnitReportReporter -->
<testsuite hostname="ISW-GMCC-AA1" failures="0" tests="1" name="apiAutomation.ApiAutomationwithRestAssured" time="7.564" errors="0" timestamp="2022-04-09T05:11:49 WAT" skipped="0">
  <testcase classname="apiAutomation.ApiAutomationwithRestAssured" name="getUsers" time="7.564"/>
  <system-out/>
</testsuite> <!-- apiAutomation.ApiAutomationwithRestAssured -->
