<?xml version="1.0" encoding="UTF-8"?>
<!-- Generated by org.testng.reporters.JUnitReportReporter -->
<testsuite hostname="ISW-GMCC-AA1" failures="0" tests="4" name="apiAutomation.User_Post_Multiple" time="8.627" errors="0" timestamp="2022-04-10T15:02:30 WAT" skipped="0">
  <testcase classname="apiAutomation.User_Post_Multiple" name="POJO" time="0.651"/>
  <system-out/>
  <testcase classname="apiAutomation.User_Post_Multiple" name="post_user" time="1.397"/>
  <system-out/>
  <testcase classname="apiAutomation.User_Post_Multiple" name="POJO" time="5.809"/>
  <system-out/>
  <testcase classname="apiAutomation.User_Post_Multiple" name="post_user" time="0.770"/>
  <system-out/>
</testsuite> <!-- apiAutomation.User_Post_Multiple -->
