<?xml version="1.0" encoding="UTF-8"?>
<!-- Generated by org.testng.reporters.JUnitReportReporter -->
<testsuite hostname="ISW-GMCC-AA1" failures="0" tests="2" name="apiAutomation.APIauto" time="8.748" errors="0" timestamp="2022-04-09T19:29:54 WAT" skipped="0">
  <testcase classname="apiAutomation.APIauto" name="POJO" time="0.977"/>
  <system-out/>
  <testcase classname="apiAutomation.APIauto" name="CreateUser" time="7.771"/>
  <system-out/>
</testsuite> <!-- apiAutomation.APIauto -->
