<?xml version="1.0" encoding="UTF-8"?>
<!-- Generated by org.testng.reporters.JUnitReportReporter -->
<testsuite hostname="ISW-GMCC-AA1" failures="0" tests="9" name="test.SelectSamsungSecondHighestPricedItem" time="83.975" errors="0" timestamp="2022-04-11T15:05:19 WAT" skipped="0">
  <testcase classname="test.SelectSamsungSecondHighestPricedItem" name="gotoTheHambugerPage" time="7.063"/>
  <system-out/>
  <testcase classname="test.SelectSamsungSecondHighestPricedItem" name="selectTvAndAppliances" time="3.224"/>
  <system-out/>
  <testcase classname="test.SelectSamsungSecondHighestPricedItem" name="selecttelevisonlink" time="28.779"/>
  <system-out/>
  <testcase classname="test.SelectSamsungSecondHighestPricedItem" name="verifybrand" time="4.133"/>
  <system-out/>
  <testcase classname="test.SelectSamsungSecondHighestPricedItem" name="clicksamsungcheckbox" time="7.716"/>
  <system-out/>
  <testcase classname="test.SelectSamsungSecondHighestPricedItem" name="sortbyHightoLow" time="8.814"/>
  <system-out/>
  <testcase classname="test.SelectSamsungSecondHighestPricedItem" name="selectSecondItem" time="3.494"/>
  <system-out/>
  <testcase classname="test.SelectSamsungSecondHighestPricedItem" name="switchwindow" time="14.422"/>
  <system-out/>
  <testcase classname="test.SelectSamsungSecondHighestPricedItem" name="selectedOption" time="6.330"/>
  <system-out/>
</testsuite> <!-- test.SelectSamsungSecondHighestPricedItem -->
